<?xml version="1.0" encoding="UTF-8"?>
<!-- Generated by org.testng.reporters.JUnitReportReporter -->
<testsuite hostname="Vandana" name="webdriverTest2.webdriverTest2.AppTest" tests="2" failures="0" timestamp="14 Apr 2019 06:08:36 GMT" time="4.139" errors="0">
  <testcase name="login" time="3.798" classname="webdriverTest2.webdriverTest2.AppTest"/>
  <testcase name="titleVerification" time="0.341" classname="webdriverTest2.webdriverTest2.AppTest"/>
</testsuite> <!-- webdriverTest2.webdriverTest2.AppTest -->
